#-----------------------------------------------------------
# Vivado v2018.3 (64-bit)
# SW Build 2405991 on Thu Dec  6 23:38:27 MST 2018
# IP Build 2404404 on Fri Dec  7 01:43:56 MST 2018
# Start of session at: Fri May 24 09:08:47 2019
# Process ID: 2824
# Current directory: D:/OneDrive/Documents/Studies/D0011E Digital Teknik/Lab 5
# Command line: vivado.exe -gui_launcher_event rodinguilauncherevent9756 D:\OneDrive\Documents\Studies\D0011E Digital Teknik\Lab 5\Lab 5.xpr
# Log file: D:/OneDrive/Documents/Studies/D0011E Digital Teknik/Lab 5/vivado.log
# Journal file: D:/OneDrive/Documents/Studies/D0011E Digital Teknik/Lab 5\vivado.jou
#-----------------------------------------------------------
start_gui
open_project {D:/OneDrive/Documents/Studies/D0011E Digital Teknik/Lab 5/Lab 5.xpr}
INFO: [Project 1-313] Project file moved from 'C:/Users/Rickard Bemm/OneDrive/Dokument/Skola/Universitet/D0011E Digitalteknik/Uppgifter/Lab 5' since last save.
Scanning sources...
Finished scanning sources
INFO: [IP_Flow 19-234] Refreshing IP repositories
INFO: [IP_Flow 19-1704] No user IP repositories specified
INFO: [IP_Flow 19-2313] Loaded Vivado IP repository 'C:/Xilinx/Vivado/2018.3/data/ip'.
open_project: Time (s): cpu = 00:00:22 ; elapsed = 00:00:11 . Memory (MB): peak = 719.023 ; gain = 106.625
update_compile_order -fileset sources_1
exit
INFO: [Common 17-206] Exiting Vivado at Fri May 24 09:13:58 2019...
