Vivado Simulator 2018.3
Copyright 1986-1999, 2001-2018 Xilinx, Inc. All Rights Reserved.
Running: C:/Xilinx/Vivado/2018.3/bin/unwrapped/win64.o/xelab.exe -wto 26de1e2d03b94c779d613a3a1a32753d --incr --debug typical --relax --mt 2 -L xil_defaultlib -L secureip --snapshot ALU_32Bit_tb_behav xil_defaultlib.ALU_32Bit_tb -log elaborate.log 
Using 2 slave threads.
Starting static elaboration
Completed static elaboration
Starting simulation data flow analysis
Completed simulation data flow analysis
Time Resolution for simulation is 1ps
Compiling package std.standard
Compiling package std.textio
Compiling package ieee.std_logic_1164
Compiling architecture behavioral of entity xil_defaultlib.ZeroExtend [zeroextend_default]
Compiling architecture behavioral of entity xil_defaultlib.FullAdder [fulladder_default]
Compiling architecture behavioral of entity xil_defaultlib.Adder_32Bit [adder_32bit_default]
Compiling architecture behavioral of entity xil_defaultlib.Arith_32bit [arith_32bit_default]
Compiling architecture behavioral of entity xil_defaultlib.LogicUnit [logicunit_default]
Compiling architecture behavioral of entity xil_defaultlib.MUX_32bit [mux_32bit_default]
Compiling architecture behavioral of entity xil_defaultlib.ALU_32Bit [alu_32bit_default]
Compiling architecture behavioral of entity xil_defaultlib.alu_32bit_tb
Built simulation snapshot ALU_32Bit_tb_behav
